<?xml version="1.0" encoding="UTF-8" ?>
<testsuite errors="0" failures="0" hostname="hugobook.local" name="BookControllerTests" tests="15" time="1.027" timestamp="2008-11-11T03:09:28">
  <properties />
  <testcase classname="BookControllerTests" name="testIndex_withParams" time="0.293" />
  <testcase classname="BookControllerTests" name="testList" time="0.085" />
  <testcase classname="BookControllerTests" name="testList_withParams" time="0.021" />
  <testcase classname="BookControllerTests" name="testShow" time="0.279" />
  <testcase classname="BookControllerTests" name="testShow_bookNotFound" time="0.014" />
  <testcase classname="BookControllerTests" name="testDelete" time="0.016" />
  <testcase classname="BookControllerTests" name="testDelete_bookNotFound" time="0.01" />
  <testcase classname="BookControllerTests" name="testEdit" time="0.012" />
  <testcase classname="BookControllerTests" name="testEdit_bookNotFound" time="0.021" />
  <testcase classname="BookControllerTests" name="testUpdate" time="0.096" />
  <testcase classname="BookControllerTests" name="testUpdate_hasErrors" time="0.019" />
  <testcase classname="BookControllerTests" name="testUpdate_bookNotFound" time="0.0090" />
  <testcase classname="BookControllerTests" name="testCreate" time="0.02" />
  <testcase classname="BookControllerTests" name="testSave" time="0.014" />
  <testcase classname="BookControllerTests" name="testSave_withErrors" time="0.017" />
  <system-out><![CDATA[--Output from testIndex_withParams--
--Output from testList--
--Output from testList_withParams--
--Output from testShow--
--Output from testShow_bookNotFound--
--Output from testDelete--
--Output from testDelete_bookNotFound--
--Output from testEdit--
--Output from testEdit_bookNotFound--
--Output from testUpdate--
--Output from testUpdate_hasErrors--
--Output from testUpdate_bookNotFound--
--Output from testCreate--
--Output from testSave--
--Output from testSave_withErrors--
]]></system-out>
  <system-err><![CDATA[--Output from testIndex_withParams--
--Output from testList--
--Output from testList_withParams--
--Output from testShow--
--Output from testShow_bookNotFound--
--Output from testDelete--
--Output from testDelete_bookNotFound--
--Output from testEdit--
--Output from testEdit_bookNotFound--
--Output from testUpdate--
--Output from testUpdate_hasErrors--
--Output from testUpdate_bookNotFound--
--Output from testCreate--
--Output from testSave--
--Output from testSave_withErrors--
]]></system-err>
</testsuite>
